<?xml version="1.0" encoding="UTF-8"?>
<testng-results ignored="0" total="2" passed="2" failed="0" skipped="0">
  <reporter-output>
  </reporter-output>
  <suite started-at="2023-07-12T15:11:13 IST" name="Default suite" finished-at="2023-07-12T15:11:13 IST" duration-ms="92">
    <groups>
    </groups>
    <test started-at="2023-07-12T15:11:13 IST" name="Default test" finished-at="2023-07-12T15:11:13 IST" duration-ms="92">
      <class name="First.NewTest">
        <test-method signature="f()[pri:0, instance:First.NewTest@f381794]" started-at="2023-07-12T15:11:13 IST" name="f" finished-at="2023-07-12T15:11:13 IST" duration-ms="14" status="PASS">
          <reporter-output>
          </reporter-output>
        </test-method> <!-- f -->
        <test-method signature="g()[pri:0, instance:First.NewTest@f381794]" started-at="2023-07-12T15:11:13 IST" name="g" finished-at="2023-07-12T15:11:13 IST" duration-ms="1" status="PASS">
          <reporter-output>
          </reporter-output>
        </test-method> <!-- g -->
      </class> <!-- First.NewTest -->
    </test> <!-- Default test -->
  </suite> <!-- Default suite -->
</testng-results>
